<?xml version="1.0" encoding="UTF-8"?>
<testsuite name="InvitationTest" tests="1" skipped="0" failures="0" errors="0" timestamp="2020-03-12T00:59:28" hostname="meshileyas-MacBook-Pro.local" time="0.038">
  <properties/>
  <testcase name="validate_customers_are_fetched_in_ascending_order" classname="InvitationTest" time="0.038"/>
  <system-out><![CDATA[]]></system-out>
  <system-err><![CDATA[]]></system-err>
</testsuite>
