<?xml version="1.0" encoding="UTF-8"?>
<testsuite name="FileReaderTest" tests="1" skipped="0" failures="0" errors="0" timestamp="2020-03-12T00:59:28" hostname="meshileyas-MacBook-Pro.local" time="0.002">
  <properties/>
  <testcase name="validate_file_not_found_exception_is_thrown_when_file_is_not_found" classname="FileReaderTest" time="0.002"/>
  <system-out><![CDATA[]]></system-out>
  <system-err><![CDATA[]]></system-err>
</testsuite>
